
Showing logs for build [32mcb-kubecd-environment-pr-193-13-d8h2v-1[0m stage [32mfrom-build-pack[0m and container [32mstep-credential-initializer-588nc[0m
{"level":"warn","ts":1586083868.1111145,"logger":"fallback-logger","caller":"logging/config.go:69","msg":"Fetch GitHub commit ID from kodata failed: \"ref: refs/heads/0.8.0-**-support-backwards-incompats\" is not a valid GitHub commit ID"}
{"level":"info","ts":1586083868.111611,"logger":"fallback-logger","caller":"creds-init/main.go:40","msg":"Credentials initialized."}

Showing logs for build [32mcb-kubecd-environment-pr-193-13-d8h2v-1[0m stage [32mfrom-build-pack[0m and container [32mstep-working-dir-initializer-hh7g5[0m
{"level":"warn","ts":1586083869.5395908,"logger":"fallback-logger","caller":"logging/config.go:69","msg":"Fetch GitHub commit ID from kodata failed: open /var/run/ko/HEAD: no such file or directory"}
{"level":"info","ts":1586083869.5411088,"logger":"fallback-logger","caller":"bash/main.go:64","msg":"Successfully executed command \"sh -c mkdir -p /workspace/source\"; output "}

Showing logs for build [32mcb-kubecd-environment-pr-193-13-d8h2v-1[0m stage [32mfrom-build-pack[0m and container [32mstep-place-tools[0m

Showing logs for build [32mcb-kubecd-environment-pr-193-13-d8h2v-1[0m stage [32mfrom-build-pack[0m and container [32mstep-git-source-cb-kubecd-environment-pr-193-13-d8h2v-w8c8t[0m
{"level":"warn","ts":1586083873.677048,"logger":"fallback-logger","caller":"logging/config.go:69","msg":"Fetch GitHub commit ID from kodata failed: \"ref: refs/heads/0.8.0-**-support-backwards-incompats\" is not a valid GitHub commit ID"}
{"level":"info","ts":1586083874.6949198,"logger":"fallback-logger","caller":"git/git.go:103","msg":"Successfully cloned https://github.com/cb-kubecd/environment-pr-193-138-boot-vault-gke-production.git @ master in path /workspace/source"}

Showing logs for build [32mcb-kubecd-environment-pr-193-13-d8h2v-1[0m stage [32mfrom-build-pack[0m and container [32mstep-git-merge[0m
Using SHAs from PULL_REFS=master:7e0dcc6f296b8440bb9cb0a1008f2fc8c476ad13,1:c4dbbebfcaf4cc82fcf12cee09fe4d48762acf12
DEBUG: LC_ALL=C JX_LOG_LEVEL=error git fetch origin --unshallow c4dbbebfcaf4cc82fcf12cee09fe4d48762acf12: 7e0dcc6f296b8440bb9cb0a1008f2fc8c476ad13:
DEBUG: ran git fetch --unshallow origin c4dbbebfcaf4cc82fcf12cee09fe4d48762acf12: 7e0dcc6f296b8440bb9cb0a1008f2fc8c476ad13: in 
DEBUG: LC_ALL=C JX_LOG_LEVEL=error git branch
DEBUG: LC_ALL=C JX_LOG_LEVEL=error git checkout master
DEBUG: ran git checkout master in 
DEBUG: LC_ALL=C JX_LOG_LEVEL=error git reset --hard 7e0dcc6f296b8440bb9cb0a1008f2fc8c476ad13
DEBUG: ran git reset --hard 7e0dcc6f296b8440bb9cb0a1008f2fc8c476ad13 in 
DEBUG: LC_ALL=C JX_LOG_LEVEL=error git clean -fd .
DEBUG: ran clean --force -d . in 
DEBUG: LC_ALL=C JX_LOG_LEVEL=error git merge c4dbbebfcaf4cc82fcf12cee09fe4d48762acf12
DEBUG: ran git merge c4dbbebfcaf4cc82fcf12cee09fe4d48762acf12 in 
DEBUG: LC_ALL=C JX_LOG_LEVEL=error git log --format=%H%x1f%an%x1f%ae%x1f%cn%x1f%ce%x1f%s%n%b%x1e 7e0dcc6f296b8440bb9cb0a1008f2fc8c476ad13..HEAD
Merged SHA c4dbbebfcaf4cc82fcf12cee09fe4d48762acf12 with commit message 'chore: Promote bdd-spring-1586082676 to version 0.0.1' into base branch master

Showing logs for build [32mcb-kubecd-environment-pr-193-13-d8h2v-1[0m stage [32mfrom-build-pack[0m and container [32mstep-build-helm-build[0m
WARNING: No $CHART_REPOSITORY defined so using the default value of: http://jenkins-x-chartmuseum:8080
Adding missing Helm repo: storage.googleapis.com https://storage.googleapis.com/chartmuseum.jenkins-x.io
WARNING: No secrets found on "helm/repos" due: reading the secret "helm/repos" from vault: no secret "helm/repos" not found in vault
Read credentials for https://storage.googleapis.com/chartmuseum.jenkins-x.io from vault helm/repos
Successfully added Helm repository storage.googleapis.com.
Adding missing Helm repo: jenkins-x-chartmuseum http://jenkins-x-chartmuseum:8080
WARNING: No secrets found on "helm/repos" due: reading the secret "helm/repos" from vault: no secret "helm/repos" not found in vault
Read credentials for http://jenkins-x-chartmuseum:8080 from vault helm/repos
Successfully added Helm repository jenkins-x-chartmuseum.
WARNING: No $CHART_REPOSITORY defined so using the default value of: http://jenkins-x-chartmuseum:8080
Adding missing Helm repo: chartmuseum.jenkins-x.io http://chartmuseum.jenkins-x.io
WARNING: No secrets found on "helm/repos" due: reading the secret "helm/repos" from vault: no secret "helm/repos" not found in vault
Read credentials for http://chartmuseum.jenkins-x.io from vault helm/repos
Successfully added Helm repository chartmuseum.jenkins-x.io.
